<?xml version="1.0" encoding="UTF-8"?>
<testsuite name="RouteServiceImpl Unit Tests" tests="3" skipped="0" failures="0" errors="0" timestamp="2024-10-31T15:50:02" hostname="GFT-9H3G1F3" time="0.17">
  <properties/>
  <testcase name="Test getAllRoutes - Return All Routes" classname="com.workshop.route.application.services.RouteQueryServiceImplTest" time="0.161"/>
  <testcase name="Test getRouteById - Route Not Found" classname="com.workshop.route.application.services.RouteQueryServiceImplTest" time="0.004"/>
  <testcase name="Test getRouteById - Route Found" classname="com.workshop.route.application.services.RouteQueryServiceImplTest" time="0.003"/>
  <system-out><![CDATA[]]></system-out>
  <system-err><![CDATA[]]></system-err>
</testsuite>
