<?xml version="1.0" encoding="UTF-8"?>
<testsuite name="com.workshop.route.application.RouteServiceEndToEndTest" tests="2" skipped="0" failures="0" errors="0" timestamp="2024-11-22T10:49:06" hostname="GFT-QZRYLCLPRBM" time="9.325">
  <properties/>
  <testcase name="getRouteById_EndToEnd_ShouldReturnExpectedRoute()" classname="com.workshop.route.application.RouteServiceEndToEndTest" time="8.73"/>
  <testcase name="getAllRoutes_EndToEnd_ShouldReturnAllRoutes()" classname="com.workshop.route.application.RouteServiceEndToEndTest" time="0.588"/>
  <system-out><![CDATA[
  .   ____          _            __ _ _
 /\\ / ___'_ __ _ _(_)_ __  __ _ \ \ \ \
( ( )\___ | '_ | '_| | '_ \/ _` | \ \ \ \
 \\/  ___)| |_)| | | | | || (_| |  ) ) ) )
  '  |____| .__|_| |_|_| |_\__, | / / / /
 =========|_|==============|___/=/_/_/_/

 :: Spring Boot ::                (v3.3.5)

2024-11-22T11:48:50.914+01:00  INFO 10396 --- [route] [    Test worker] c.w.r.a.RouteServiceEndToEndTest         : Starting RouteServiceEndToEndTest using Java 21.0.4 with PID 10396 (started by nabz in C:\Users\nabz\Cursos\RouteQueryMicroservice)
2024-11-22T11:48:50.948+01:00  INFO 10396 --- [route] [    Test worker] c.w.r.a.RouteServiceEndToEndTest         : No active profile set, falling back to 1 default profile: "default"
2024-11-22T11:48:54.569+01:00  INFO 10396 --- [route] [    Test worker] .s.d.r.c.RepositoryConfigurationDelegate : Bootstrapping Spring Data Reactive MongoDB repositories in DEFAULT mode.
2024-11-22T11:48:55.319+01:00  INFO 10396 --- [route] [    Test worker] .s.d.r.c.RepositoryConfigurationDelegate : Finished Spring Data repository scanning in 720 ms. Found 1 Reactive MongoDB repository interface.
2024-11-22T11:48:58.496+01:00  INFO 10396 --- [route] [    Test worker] o.s.b.w.embedded.tomcat.TomcatWebServer  : Tomcat initialized with port 0 (http)
2024-11-22T11:48:58.556+01:00  INFO 10396 --- [route] [    Test worker] o.apache.catalina.core.StandardService   : Starting service [Tomcat]
2024-11-22T11:48:58.559+01:00  INFO 10396 --- [route] [    Test worker] o.apache.catalina.core.StandardEngine    : Starting Servlet engine: [Apache Tomcat/10.1.31]
2024-11-22T11:48:58.853+01:00  INFO 10396 --- [route] [    Test worker] o.a.c.c.C.[Tomcat].[localhost].[/]       : Initializing Spring embedded WebApplicationContext
2024-11-22T11:48:58.856+01:00  INFO 10396 --- [route] [    Test worker] w.s.c.ServletWebServerApplicationContext : Root WebApplicationContext: initialization completed in 7816 ms
2024-11-22T11:49:00.063+01:00  INFO 10396 --- [route] [1jm.mongodb.net] org.mongodb.driver.cluster               : Adding discovered server workshop-shard-00-02.rh1jm.mongodb.net:27017 to client view of cluster
2024-11-22T11:49:00.151+01:00  INFO 10396 --- [route] [    Test worker] org.mongodb.driver.client                : MongoClient with metadata {"driver": {"name": "mongo-java-driver|reactive-streams|spring-boot", "version": "5.0.1"}, "os": {"type": "Windows", "name": "Windows 10", "architecture": "amd64", "version": "10.0"}, "platform": "Java/Amazon.com Inc./21.0.4+7-LTS"} created with settings MongoClientSettings{readPreference=primary, writeConcern=WriteConcern{w=majority, wTimeout=null ms, journal=null}, retryWrites=true, retryReads=true, readConcern=ReadConcern{level=null}, credential=MongoCredential{mechanism=null, userName='nabz', source='admin', password=<hidden>, mechanismProperties=<hidden>}, transportSettings=NettyTransportSettings{eventLoopGroup=io.netty.channel.nio.NioEventLoopGroup@4d55b63d, socketChannelClass=null, allocator=null, sslContext=null}, commandListeners=[], codecRegistry=ProvidersCodecRegistry{codecProviders=[ValueCodecProvider{}, BsonValueCodecProvider{}, DBRefCodecProvider{}, DBObjectCodecProvider{}, DocumentCodecProvider{}, CollectionCodecProvider{}, IterableCodecProvider{}, MapCodecProvider{}, GeoJsonCodecProvider{}, GridFSFileCodecProvider{}, Jsr310CodecProvider{}, JsonObjectCodecProvider{}, BsonCodecProvider{}, EnumCodecProvider{}, com.mongodb.client.model.mql.ExpressionCodecProvider@5c5432d9, com.mongodb.Jep395RecordCodecProvider@6790aad2, com.mongodb.KotlinCodecProvider@1e418480]}, loggerSettings=LoggerSettings{maxDocumentLength=1000}, clusterSettings={hosts=[127.0.0.1:27017], srvHost=workshop.rh1jm.mongodb.net, srvServiceName=mongodb, mode=MULTIPLE, requiredClusterType=REPLICA_SET, requiredReplicaSetName='atlas-uwoswq-shard-0', serverSelector='null', clusterListeners='[]', serverSelectionTimeout='30000 ms', localThreshold='15 ms'}, socketSettings=SocketSettings{connectTimeoutMS=10000, readTimeoutMS=0, receiveBufferSize=0, proxySettings=ProxySettings{host=null, port=null, username=null, password=null}}, heartbeatSocketSettings=SocketSettings{connectTimeoutMS=10000, readTimeoutMS=10000, receiveBufferSize=0, proxySettings=ProxySettings{host=null, port=null, username=null, password=null}}, connectionPoolSettings=ConnectionPoolSettings{maxSize=100, minSize=0, maxWaitTimeMS=120000, maxConnectionLifeTimeMS=0, maxConnectionIdleTimeMS=0, maintenanceInitialDelayMS=0, maintenanceFrequencyMS=60000, connectionPoolListeners=[], maxConnecting=2}, serverSettings=ServerSettings{heartbeatFrequencyMS=10000, minHeartbeatFrequencyMS=500, serverListeners='[]', serverMonitorListeners='[]'}, sslSettings=SslSettings{enabled=true, invalidHostNameAllowed=false, context=null}, applicationName='null', compressorList=[], uuidRepresentation=JAVA_LEGACY, serverApi=null, autoEncryptionSettings=null, dnsClient=null, inetAddressResolver=null, contextProvider=null}
2024-11-22T11:49:00.183+01:00  INFO 10396 --- [route] [1jm.mongodb.net] org.mongodb.driver.cluster               : Adding discovered server workshop-shard-00-00.rh1jm.mongodb.net:27017 to client view of cluster
2024-11-22T11:49:00.200+01:00  INFO 10396 --- [route] [1jm.mongodb.net] org.mongodb.driver.cluster               : Adding discovered server workshop-shard-00-01.rh1jm.mongodb.net:27017 to client view of cluster
2024-11-22T11:49:02.628+01:00  INFO 10396 --- [route] [ngodb.net:27017] org.mongodb.driver.cluster               : Monitor thread successfully connected to server with description ServerDescription{address=workshop-shard-00-00.rh1jm.mongodb.net:27017, type=REPLICA_SET_SECONDARY, state=CONNECTED, ok=true, minWireVersion=0, maxWireVersion=25, maxDocumentSize=16777216, logicalSessionTimeoutMinutes=30, roundTripTimeNanos=1291542100, setName='atlas-uwoswq-shard-0', canonicalAddress=workshop-shard-00-00.rh1jm.mongodb.net:27017, hosts=[workshop-shard-00-01.rh1jm.mongodb.net:27017, workshop-shard-00-00.rh1jm.mongodb.net:27017, workshop-shard-00-02.rh1jm.mongodb.net:27017], passives=[], arbiters=[], primary='workshop-shard-00-01.rh1jm.mongodb.net:27017', tagSet=TagSet{[Tag{name='availabilityZone', value='euw3-az1'}, Tag{name='diskState', value='READY'}, Tag{name='nodeType', value='ELECTABLE'}, Tag{name='provider', value='AWS'}, Tag{name='region', value='EU_WEST_3'}, Tag{name='workloadType', value='OPERATIONAL'}]}, electionId=null, setVersion=5, topologyVersion=TopologyVersion{processId=673b5f535beb294e0b04ef6c, counter=5}, lastWriteDate=Fri Nov 22 11:49:02 CET 2024, lastUpdateTimeNanos=13742762445500}
2024-11-22T11:49:02.629+01:00  INFO 10396 --- [route] [ngodb.net:27017] org.mongodb.driver.cluster               : Monitor thread successfully connected to server with description ServerDescription{address=workshop-shard-00-01.rh1jm.mongodb.net:27017, type=REPLICA_SET_PRIMARY, state=CONNECTED, ok=true, minWireVersion=0, maxWireVersion=25, maxDocumentSize=16777216, logicalSessionTimeoutMinutes=30, roundTripTimeNanos=1291227900, setName='atlas-uwoswq-shard-0', canonicalAddress=workshop-shard-00-01.rh1jm.mongodb.net:27017, hosts=[workshop-shard-00-01.rh1jm.mongodb.net:27017, workshop-shard-00-00.rh1jm.mongodb.net:27017, workshop-shard-00-02.rh1jm.mongodb.net:27017], passives=[], arbiters=[], primary='workshop-shard-00-01.rh1jm.mongodb.net:27017', tagSet=TagSet{[Tag{name='availabilityZone', value='euw3-az2'}, Tag{name='diskState', value='READY'}, Tag{name='nodeType', value='ELECTABLE'}, Tag{name='provider', value='AWS'}, Tag{name='region', value='EU_WEST_3'}, Tag{name='workloadType', value='OPERATIONAL'}]}, electionId=7fffffff000000000000001e, setVersion=5, topologyVersion=TopologyVersion{processId=673b5f832a66dae31f4165e4, counter=7}, lastWriteDate=Fri Nov 22 11:49:02 CET 2024, lastUpdateTimeNanos=13742760635800}
2024-11-22T11:49:02.628+01:00  INFO 10396 --- [route] [ngodb.net:27017] org.mongodb.driver.cluster               : Monitor thread successfully connected to server with description ServerDescription{address=workshop-shard-00-02.rh1jm.mongodb.net:27017, type=REPLICA_SET_SECONDARY, state=CONNECTED, ok=true, minWireVersion=0, maxWireVersion=25, maxDocumentSize=16777216, logicalSessionTimeoutMinutes=30, roundTripTimeNanos=1291729100, setName='atlas-uwoswq-shard-0', canonicalAddress=workshop-shard-00-02.rh1jm.mongodb.net:27017, hosts=[workshop-shard-00-01.rh1jm.mongodb.net:27017, workshop-shard-00-00.rh1jm.mongodb.net:27017, workshop-shard-00-02.rh1jm.mongodb.net:27017], passives=[], arbiters=[], primary='workshop-shard-00-01.rh1jm.mongodb.net:27017', tagSet=TagSet{[Tag{name='availabilityZone', value='euw3-az3'}, Tag{name='diskState', value='READY'}, Tag{name='nodeType', value='ELECTABLE'}, Tag{name='provider', value='AWS'}, Tag{name='region', value='EU_WEST_3'}, Tag{name='workloadType', value='OPERATIONAL'}]}, electionId=null, setVersion=5, topologyVersion=TopologyVersion{processId=673b5fb4c2a0e44cfd7c0e32, counter=4}, lastWriteDate=Fri Nov 22 11:49:02 CET 2024, lastUpdateTimeNanos=13742761181500}
2024-11-22T11:49:02.666+01:00  INFO 10396 --- [route] [ngodb.net:27017] org.mongodb.driver.cluster               : Discovered replica set primary workshop-shard-00-01.rh1jm.mongodb.net:27017 with max election id 7fffffff000000000000001e and max set version 5
2024-11-22T11:49:05.723+01:00  INFO 10396 --- [route] [    Test worker] o.s.b.w.embedded.tomcat.TomcatWebServer  : Tomcat started on port 58094 (http) with context path '/'
2024-11-22T11:49:05.781+01:00  INFO 10396 --- [route] [    Test worker] c.w.r.a.RouteServiceEndToEndTest         : Started RouteServiceEndToEndTest in 17.392 seconds (process running for 23.952)
2024-11-22T11:49:14.345+01:00  INFO 10396 --- [route] [o-auto-1-exec-2] o.a.c.c.C.[Tomcat].[localhost].[/]       : Initializing Spring DispatcherServlet 'dispatcherServlet'
2024-11-22T11:49:14.346+01:00  INFO 10396 --- [route] [o-auto-1-exec-2] o.s.web.servlet.DispatcherServlet        : Initializing Servlet 'dispatcherServlet'
2024-11-22T11:49:14.351+01:00  INFO 10396 --- [route] [o-auto-1-exec-2] o.s.web.servlet.DispatcherServlet        : Completed initialization in 3 ms
2024-11-22T11:49:14.499+01:00  INFO 10396 --- [route] [o-auto-1-exec-2] c.w.r.a.controller.RouteController       : Fetching route with ID: 674061a81a5ee753278ea41f
2024-11-22T11:49:14.633+01:00  INFO 10396 --- [route] [ntLoopGroup-2-8] c.w.r.a.controller.RouteController       : Successfully fetched route with ID: 674061a81a5ee753278ea41f
2024-11-22T11:49:15.748+01:00  INFO 10396 --- [route] [o-auto-1-exec-4] c.w.r.a.controller.RouteController       : Fetching all routes
2024-11-22T11:49:15.751+01:00  INFO 10396 --- [route] [o-auto-1-exec-4] c.w.r.a.controller.RouteController       : Starting to fetch all routes
2024-11-22T11:49:15.806+01:00  INFO 10396 --- [route] [ntLoopGroup-2-8] c.w.r.a.controller.RouteController       : Successfully fetched all routes
]]></system-out>
  <system-err><![CDATA[WARNING: A Java agent has been loaded dynamically (C:\Users\nabz\.gradle\caches\modules-2\files-2.1\net.bytebuddy\byte-buddy-agent\1.14.19\154da3a65b4f4a909d3e5bdec55d1b2b4cbb6ce1\byte-buddy-agent-1.14.19.jar)
WARNING: If a serviceability tool is in use, please run with -XX:+EnableDynamicAgentLoading to hide this warning
WARNING: If a serviceability tool is not in use, please run with -Djdk.instrument.traceUsage for more information
WARNING: Dynamic loading of agents will be disallowed by default in a future release
]]></system-err>
</testsuite>
