<?xml version="1.0" encoding="UTF-8"?>
<testsuite name="RouteResponseBuilder Unit Tests" tests="1" skipped="0" failures="0" errors="0" timestamp="2024-10-30T10:31:32" hostname="GFT-9H3G1F3" time="0.063">
  <properties/>
  <testcase name="Generate OK Response - Should Return 200 OK with Route" classname="com.workshop.route.application.response.builder.RouteResponseBuilderTest" time="0.063"/>
  <system-out><![CDATA[]]></system-out>
  <system-err><![CDATA[]]></system-err>
</testsuite>
