<?xml version="1.0" encoding="UTF-8"?>
<testsuite name="com.workshop.route.application.RouteServiceEndToEndTest" tests="2" skipped="0" failures="0" errors="0" timestamp="2024-11-28T12:15:32" hostname="GFT-9H3G1F3" time="2.316">
  <properties/>
  <testcase name="getRouteById_EndToEnd_ShouldReturnExpectedRoute()" classname="com.workshop.route.application.RouteServiceEndToEndTest" time="2.104"/>
  <testcase name="getAllRoutes_EndToEnd_ShouldReturnAllRoutes()" classname="com.workshop.route.application.RouteServiceEndToEndTest" time="0.209"/>
  <system-out><![CDATA[2024-11-28T13:15:30.493+01:00  INFO 15044 --- [route] [e-query-group-1] org.apache.kafka.clients.NetworkClient   : [Consumer clientId=consumer-route-query-group-1, groupId=route-query-group] Node -1 disconnected.
2024-11-28T13:15:30.493+01:00  WARN 15044 --- [route] [e-query-group-1] org.apache.kafka.clients.NetworkClient   : [Consumer clientId=consumer-route-query-group-1, groupId=route-query-group] Connection to node -1 (/127.0.0.1:9092) could not be established. Node may not be available.
2024-11-28T13:15:30.494+01:00  WARN 15044 --- [route] [e-query-group-1] org.apache.kafka.clients.NetworkClient   : [Consumer clientId=consumer-route-query-group-1, groupId=route-query-group] Bootstrap broker 127.0.0.1:9092 (id: -1 rack: null) disconnected

  .   ____          _            __ _ _
 /\\ / ___'_ __ _ _(_)_ __  __ _ \ \ \ \
( ( )\___ | '_ | '_| | '_ \/ _` | \ \ \ \
 \\/  ___)| |_)| | | | | || (_| |  ) ) ) )
  '  |____| .__|_| |_|_| |_\__, | / / / /
 =========|_|==============|___/=/_/_/_/

 :: Spring Boot ::                (v3.3.5)

2024-11-28T13:15:30.532+01:00  INFO 15044 --- [route] [    Test worker] c.w.r.a.RouteServiceEndToEndTest         : Starting RouteServiceEndToEndTest using Java 21.0.5 with PID 15044 (started by aipg in C:\Coding\JavaProjects\WorkShop\Route\RouteQueryMicroservice)
2024-11-28T13:15:30.532+01:00  INFO 15044 --- [route] [    Test worker] c.w.r.a.RouteServiceEndToEndTest         : No active profile set, falling back to 1 default profile: "default"
2024-11-28T13:15:30.686+01:00  INFO 15044 --- [route] [    Test worker] .s.d.r.c.RepositoryConfigurationDelegate : Bootstrapping Spring Data Reactive MongoDB repositories in DEFAULT mode.
2024-11-28T13:15:30.707+01:00  INFO 15044 --- [route] [    Test worker] .s.d.r.c.RepositoryConfigurationDelegate : Finished Spring Data repository scanning in 20 ms. Found 2 Reactive MongoDB repository interfaces.
2024-11-28T13:15:31.121+01:00  INFO 15044 --- [route] [    Test worker] o.s.b.w.embedded.tomcat.TomcatWebServer  : Tomcat initialized with port 0 (http)
2024-11-28T13:15:31.164+01:00  INFO 15044 --- [route] [    Test worker] o.apache.catalina.core.StandardService   : Starting service [Tomcat]
2024-11-28T13:15:31.165+01:00  INFO 15044 --- [route] [    Test worker] o.apache.catalina.core.StandardEngine    : Starting Servlet engine: [Apache Tomcat/10.1.31]
2024-11-28T13:15:31.289+01:00  INFO 15044 --- [route] [    Test worker] o.a.c.c.C.[Tomcat].[localhost].[/]       : Initializing Spring embedded WebApplicationContext
2024-11-28T13:15:31.291+01:00  INFO 15044 --- [route] [    Test worker] w.s.c.ServletWebServerApplicationContext : Root WebApplicationContext: initialization completed in 755 ms
2024-11-28T13:15:31.361+01:00  INFO 15044 --- [route] [e-query-group-1] org.apache.kafka.clients.NetworkClient   : [Consumer clientId=consumer-route-query-group-1, groupId=route-query-group] Node -1 disconnected.
2024-11-28T13:15:31.362+01:00  WARN 15044 --- [route] [e-query-group-1] org.apache.kafka.clients.NetworkClient   : [Consumer clientId=consumer-route-query-group-1, groupId=route-query-group] Connection to node -1 (/127.0.0.1:9092) could not be established. Node may not be available.
2024-11-28T13:15:31.362+01:00  WARN 15044 --- [route] [e-query-group-1] org.apache.kafka.clients.NetworkClient   : [Consumer clientId=consumer-route-query-group-1, groupId=route-query-group] Bootstrap broker 127.0.0.1:9092 (id: -1 rack: null) disconnected
2024-11-28T13:15:31.499+01:00  INFO 15044 --- [route] [    Test worker] org.mongodb.driver.client                : MongoClient with metadata {"driver": {"name": "mongo-java-driver|reactive-streams|spring-boot", "version": "5.0.1"}, "os": {"type": "Windows", "name": "Windows 11", "architecture": "amd64", "version": "10.0"}, "platform": "Java/Oracle Corporation/21.0.5+9-LTS-jvmci-23.1-b48"} created with settings MongoClientSettings{readPreference=primary, writeConcern=WriteConcern{w=majority, wTimeout=null ms, journal=null}, retryWrites=true, retryReads=true, readConcern=ReadConcern{level=null}, credential=MongoCredential{mechanism=null, userName='nuriamongodb', source='admin', password=<hidden>, mechanismProperties=<hidden>}, transportSettings=NettyTransportSettings{eventLoopGroup=io.netty.channel.nio.NioEventLoopGroup@36ae30c1, socketChannelClass=null, allocator=null, sslContext=null}, commandListeners=[], codecRegistry=ProvidersCodecRegistry{codecProviders=[ValueCodecProvider{}, BsonValueCodecProvider{}, DBRefCodecProvider{}, DBObjectCodecProvider{}, DocumentCodecProvider{}, CollectionCodecProvider{}, IterableCodecProvider{}, MapCodecProvider{}, GeoJsonCodecProvider{}, GridFSFileCodecProvider{}, Jsr310CodecProvider{}, JsonObjectCodecProvider{}, BsonCodecProvider{}, EnumCodecProvider{}, com.mongodb.client.model.mql.ExpressionCodecProvider@67a6ba31, com.mongodb.Jep395RecordCodecProvider@2cc7697d, com.mongodb.KotlinCodecProvider@52651087]}, loggerSettings=LoggerSettings{maxDocumentLength=1000}, clusterSettings={hosts=[127.0.0.1:27017], srvHost=cluster0.dmnaa.mongodb.net, srvServiceName=mongodb, mode=MULTIPLE, requiredClusterType=REPLICA_SET, requiredReplicaSetName='atlas-ts5cgd-shard-0', serverSelector='null', clusterListeners='[]', serverSelectionTimeout='30000 ms', localThreshold='15 ms'}, socketSettings=SocketSettings{connectTimeoutMS=10000, readTimeoutMS=0, receiveBufferSize=0, proxySettings=ProxySettings{host=null, port=null, username=null, password=null}}, heartbeatSocketSettings=SocketSettings{connectTimeoutMS=10000, readTimeoutMS=10000, receiveBufferSize=0, proxySettings=ProxySettings{host=null, port=null, username=null, password=null}}, connectionPoolSettings=ConnectionPoolSettings{maxSize=100, minSize=0, maxWaitTimeMS=120000, maxConnectionLifeTimeMS=0, maxConnectionIdleTimeMS=0, maintenanceInitialDelayMS=0, maintenanceFrequencyMS=60000, connectionPoolListeners=[], maxConnecting=2}, serverSettings=ServerSettings{heartbeatFrequencyMS=10000, minHeartbeatFrequencyMS=500, serverListeners='[]', serverMonitorListeners='[]'}, sslSettings=SslSettings{enabled=true, invalidHostNameAllowed=false, context=null}, applicationName='null', compressorList=[], uuidRepresentation=JAVA_LEGACY, serverApi=null, autoEncryptionSettings=null, dnsClient=null, inetAddressResolver=null, contextProvider=null}
2024-11-28T13:15:31.543+01:00  INFO 15044 --- [route] [naa.mongodb.net] org.mongodb.driver.cluster               : Adding discovered server cluster0-shard-00-00.dmnaa.mongodb.net:27017 to client view of cluster
2024-11-28T13:15:31.547+01:00  INFO 15044 --- [route] [naa.mongodb.net] org.mongodb.driver.cluster               : Adding discovered server cluster0-shard-00-02.dmnaa.mongodb.net:27017 to client view of cluster
2024-11-28T13:15:31.550+01:00  INFO 15044 --- [route] [naa.mongodb.net] org.mongodb.driver.cluster               : Adding discovered server cluster0-shard-00-01.dmnaa.mongodb.net:27017 to client view of cluster
2024-11-28T13:15:31.602+01:00  INFO 15044 --- [route] [    Test worker] o.a.k.clients.consumer.ConsumerConfig    : ConsumerConfig values: 
	allow.auto.create.topics = true
	auto.commit.interval.ms = 5000
	auto.include.jmx.reporter = true
	auto.offset.reset = earliest
	bootstrap.servers = [127.0.0.1:9092]
	check.crcs = true
	client.dns.lookup = use_all_dns_ips
	client.id = consumer-route-query-group-2
	client.rack = 
	connections.max.idle.ms = 540000
	default.api.timeout.ms = 60000
	enable.auto.commit = false
	enable.metrics.push = true
	exclude.internal.topics = true
	fetch.max.bytes = 52428800
	fetch.max.wait.ms = 500
	fetch.min.bytes = 1
	group.id = route-query-group
	group.instance.id = null
	group.protocol = classic
	group.remote.assignor = null
	heartbeat.interval.ms = 3000
	interceptor.classes = []
	internal.leave.group.on.close = true
	internal.throw.on.fetch.stable.offset.unsupported = false
	isolation.level = read_uncommitted
	key.deserializer = class org.apache.kafka.common.serialization.StringDeserializer
	max.partition.fetch.bytes = 1048576
	max.poll.interval.ms = 300000
	max.poll.records = 10
	metadata.max.age.ms = 300000
	metric.reporters = []
	metrics.num.samples = 2
	metrics.recording.level = INFO
	metrics.sample.window.ms = 30000
	partition.assignment.strategy = [class org.apache.kafka.clients.consumer.RangeAssignor, class org.apache.kafka.clients.consumer.CooperativeStickyAssignor]
	receive.buffer.bytes = 65536
	reconnect.backoff.max.ms = 1000
	reconnect.backoff.ms = 50
	request.timeout.ms = 30000
	retry.backoff.max.ms = 1000
	retry.backoff.ms = 100
	sasl.client.callback.handler.class = null
	sasl.jaas.config = null
	sasl.kerberos.kinit.cmd = /usr/bin/kinit
	sasl.kerberos.min.time.before.relogin = 60000
	sasl.kerberos.service.name = null
	sasl.kerberos.ticket.renew.jitter = 0.05
	sasl.kerberos.ticket.renew.window.factor = 0.8
	sasl.login.callback.handler.class = null
	sasl.login.class = null
	sasl.login.connect.timeout.ms = null
	sasl.login.read.timeout.ms = null
	sasl.login.refresh.buffer.seconds = 300
	sasl.login.refresh.min.period.seconds = 60
	sasl.login.refresh.window.factor = 0.8
	sasl.login.refresh.window.jitter = 0.05
	sasl.login.retry.backoff.max.ms = 10000
	sasl.login.retry.backoff.ms = 100
	sasl.mechanism = GSSAPI
	sasl.oauthbearer.clock.skew.seconds = 30
	sasl.oauthbearer.expected.audience = null
	sasl.oauthbearer.expected.issuer = null
	sasl.oauthbearer.jwks.endpoint.refresh.ms = 3600000
	sasl.oauthbearer.jwks.endpoint.retry.backoff.max.ms = 10000
	sasl.oauthbearer.jwks.endpoint.retry.backoff.ms = 100
	sasl.oauthbearer.jwks.endpoint.url = null
	sasl.oauthbearer.scope.claim.name = scope
	sasl.oauthbearer.sub.claim.name = sub
	sasl.oauthbearer.token.endpoint.url = null
	security.protocol = PLAINTEXT
	security.providers = null
	send.buffer.bytes = 131072
	session.timeout.ms = 45000
	socket.connection.setup.timeout.max.ms = 30000
	socket.connection.setup.timeout.ms = 10000
	ssl.cipher.suites = null
	ssl.enabled.protocols = [TLSv1.2, TLSv1.3]
	ssl.endpoint.identification.algorithm = https
	ssl.engine.factory.class = null
	ssl.key.password = null
	ssl.keymanager.algorithm = SunX509
	ssl.keystore.certificate.chain = null
	ssl.keystore.key = null
	ssl.keystore.location = null
	ssl.keystore.password = null
	ssl.keystore.type = JKS
	ssl.protocol = TLSv1.3
	ssl.provider = null
	ssl.secure.random.implementation = null
	ssl.trustmanager.algorithm = PKIX
	ssl.truststore.certificates = null
	ssl.truststore.location = null
	ssl.truststore.password = null
	ssl.truststore.type = JKS
	value.deserializer = class org.apache.kafka.common.serialization.StringDeserializer

2024-11-28T13:15:31.607+01:00  INFO 15044 --- [route] [    Test worker] o.a.k.c.t.i.KafkaMetricsCollector        : initializing Kafka metrics collector
2024-11-28T13:15:31.618+01:00  INFO 15044 --- [route] [    Test worker] o.a.kafka.common.utils.AppInfoParser     : Kafka version: 3.7.1
2024-11-28T13:15:31.618+01:00  INFO 15044 --- [route] [    Test worker] o.a.kafka.common.utils.AppInfoParser     : Kafka commitId: e2494e6ffb89f828
2024-11-28T13:15:31.618+01:00  INFO 15044 --- [route] [    Test worker] o.a.kafka.common.utils.AppInfoParser     : Kafka startTimeMs: 1732796131618
2024-11-28T13:15:31.619+01:00  INFO 15044 --- [route] [e-query-group-2] o.a.k.c.c.internals.LegacyKafkaConsumer  : [Consumer clientId=consumer-route-query-group-2, groupId=route-query-group] Subscribed to topic(s): route-events
2024-11-28T13:15:31.622+01:00  INFO 15044 --- [route] [e-query-group-2] org.apache.kafka.clients.NetworkClient   : [Consumer clientId=consumer-route-query-group-2, groupId=route-query-group] Node -1 disconnected.
2024-11-28T13:15:31.622+01:00  WARN 15044 --- [route] [e-query-group-2] org.apache.kafka.clients.NetworkClient   : [Consumer clientId=consumer-route-query-group-2, groupId=route-query-group] Connection to node -1 (/127.0.0.1:9092) could not be established. Node may not be available.
2024-11-28T13:15:31.622+01:00  WARN 15044 --- [route] [e-query-group-2] org.apache.kafka.clients.NetworkClient   : [Consumer clientId=consumer-route-query-group-2, groupId=route-query-group] Bootstrap broker 127.0.0.1:9092 (id: -1 rack: null) disconnected
2024-11-28T13:15:31.694+01:00  INFO 15044 --- [route] [ngodb.net:27017] org.mongodb.driver.cluster               : Monitor thread successfully connected to server with description ServerDescription{address=cluster0-shard-00-01.dmnaa.mongodb.net:27017, type=REPLICA_SET_SECONDARY, state=CONNECTED, ok=true, minWireVersion=0, maxWireVersion=25, maxDocumentSize=16777216, logicalSessionTimeoutMinutes=30, roundTripTimeNanos=103112300, setName='atlas-ts5cgd-shard-0', canonicalAddress=cluster0-shard-00-01.dmnaa.mongodb.net:27017, hosts=[cluster0-shard-00-01.dmnaa.mongodb.net:27017, cluster0-shard-00-02.dmnaa.mongodb.net:27017, cluster0-shard-00-00.dmnaa.mongodb.net:27017], passives=[], arbiters=[], primary='cluster0-shard-00-02.dmnaa.mongodb.net:27017', tagSet=TagSet{[Tag{name='availabilityZone', value='euw3-az2'}, Tag{name='diskState', value='READY'}, Tag{name='nodeType', value='ELECTABLE'}, Tag{name='provider', value='AWS'}, Tag{name='region', value='EU_WEST_3'}, Tag{name='workloadType', value='OPERATIONAL'}]}, electionId=null, setVersion=5, topologyVersion=TopologyVersion{processId=6744e3538a32e41cb4338e12, counter=3}, lastWriteDate=Thu Nov 28 13:15:39 CET 2024, lastUpdateTimeNanos=11676808315600}
2024-11-28T13:15:31.703+01:00  INFO 15044 --- [route] [ngodb.net:27017] org.mongodb.driver.cluster               : Monitor thread successfully connected to server with description ServerDescription{address=cluster0-shard-00-02.dmnaa.mongodb.net:27017, type=REPLICA_SET_PRIMARY, state=CONNECTED, ok=true, minWireVersion=0, maxWireVersion=25, maxDocumentSize=16777216, logicalSessionTimeoutMinutes=30, roundTripTimeNanos=118953000, setName='atlas-ts5cgd-shard-0', canonicalAddress=cluster0-shard-00-02.dmnaa.mongodb.net:27017, hosts=[cluster0-shard-00-01.dmnaa.mongodb.net:27017, cluster0-shard-00-02.dmnaa.mongodb.net:27017, cluster0-shard-00-00.dmnaa.mongodb.net:27017], passives=[], arbiters=[], primary='cluster0-shard-00-02.dmnaa.mongodb.net:27017', tagSet=TagSet{[Tag{name='availabilityZone', value='euw3-az3'}, Tag{name='diskState', value='READY'}, Tag{name='nodeType', value='ELECTABLE'}, Tag{name='provider', value='AWS'}, Tag{name='region', value='EU_WEST_3'}, Tag{name='workloadType', value='OPERATIONAL'}]}, electionId=7fffffff000000000000001f, setVersion=5, topologyVersion=TopologyVersion{processId=6744e09786fd9df385acf323, counter=6}, lastWriteDate=Thu Nov 28 13:15:39 CET 2024, lastUpdateTimeNanos=11676817133600}
2024-11-28T13:15:31.704+01:00  INFO 15044 --- [route] [ngodb.net:27017] org.mongodb.driver.cluster               : Discovered replica set primary cluster0-shard-00-02.dmnaa.mongodb.net:27017 with max election id 7fffffff000000000000001f and max set version 5
2024-11-28T13:15:31.715+01:00  INFO 15044 --- [route] [e-query-group-2] org.apache.kafka.clients.NetworkClient   : [Consumer clientId=consumer-route-query-group-2, groupId=route-query-group] Node -1 disconnected.
2024-11-28T13:15:31.715+01:00  WARN 15044 --- [route] [e-query-group-2] org.apache.kafka.clients.NetworkClient   : [Consumer clientId=consumer-route-query-group-2, groupId=route-query-group] Connection to node -1 (/127.0.0.1:9092) could not be established. Node may not be available.
2024-11-28T13:15:31.715+01:00  WARN 15044 --- [route] [e-query-group-2] org.apache.kafka.clients.NetworkClient   : [Consumer clientId=consumer-route-query-group-2, groupId=route-query-group] Bootstrap broker 127.0.0.1:9092 (id: -1 rack: null) disconnected
2024-11-28T13:15:31.717+01:00  INFO 15044 --- [route] [ngodb.net:27017] org.mongodb.driver.cluster               : Monitor thread successfully connected to server with description ServerDescription{address=cluster0-shard-00-00.dmnaa.mongodb.net:27017, type=REPLICA_SET_SECONDARY, state=CONNECTED, ok=true, minWireVersion=0, maxWireVersion=25, maxDocumentSize=16777216, logicalSessionTimeoutMinutes=30, roundTripTimeNanos=133239400, setName='atlas-ts5cgd-shard-0', canonicalAddress=cluster0-shard-00-00.dmnaa.mongodb.net:27017, hosts=[cluster0-shard-00-01.dmnaa.mongodb.net:27017, cluster0-shard-00-02.dmnaa.mongodb.net:27017, cluster0-shard-00-00.dmnaa.mongodb.net:27017], passives=[], arbiters=[], primary='cluster0-shard-00-02.dmnaa.mongodb.net:27017', tagSet=TagSet{[Tag{name='availabilityZone', value='euw3-az1'}, Tag{name='diskState', value='READY'}, Tag{name='nodeType', value='ELECTABLE'}, Tag{name='provider', value='AWS'}, Tag{name='region', value='EU_WEST_3'}, Tag{name='workloadType', value='OPERATIONAL'}]}, electionId=null, setVersion=5, topologyVersion=TopologyVersion{processId=6744dd047adfe2d387576d01, counter=4}, lastWriteDate=Thu Nov 28 13:15:39 CET 2024, lastUpdateTimeNanos=11676830564400}
2024-11-28T13:15:31.836+01:00  INFO 15044 --- [route] [    Test worker] o.s.b.w.embedded.tomcat.TomcatWebServer  : Tomcat started on port 53206 (http) with context path '/'
2024-11-28T13:15:31.840+01:00  INFO 15044 --- [route] [    Test worker] c.w.r.a.RouteServiceEndToEndTest         : Started RouteServiceEndToEndTest in 1.356 seconds (process running for 14.636)
2024-11-28T13:15:31.846+01:00  INFO 15044 --- [route] [e-query-group-2] org.apache.kafka.clients.NetworkClient   : [Consumer clientId=consumer-route-query-group-2, groupId=route-query-group] Node -1 disconnected.
2024-11-28T13:15:31.846+01:00  WARN 15044 --- [route] [e-query-group-2] org.apache.kafka.clients.NetworkClient   : [Consumer clientId=consumer-route-query-group-2, groupId=route-query-group] Connection to node -1 (/127.0.0.1:9092) could not be established. Node may not be available.
2024-11-28T13:15:31.847+01:00  WARN 15044 --- [route] [e-query-group-2] org.apache.kafka.clients.NetworkClient   : [Consumer clientId=consumer-route-query-group-2, groupId=route-query-group] Bootstrap broker 127.0.0.1:9092 (id: -1 rack: null) disconnected
2024-11-28T13:15:32.065+01:00  INFO 15044 --- [route] [e-query-group-2] org.apache.kafka.clients.NetworkClient   : [Consumer clientId=consumer-route-query-group-2, groupId=route-query-group] Node -1 disconnected.
2024-11-28T13:15:32.065+01:00  WARN 15044 --- [route] [e-query-group-2] org.apache.kafka.clients.NetworkClient   : [Consumer clientId=consumer-route-query-group-2, groupId=route-query-group] Connection to node -1 (/127.0.0.1:9092) could not be established. Node may not be available.
2024-11-28T13:15:32.065+01:00  WARN 15044 --- [route] [e-query-group-2] org.apache.kafka.clients.NetworkClient   : [Consumer clientId=consumer-route-query-group-2, groupId=route-query-group] Bootstrap broker 127.0.0.1:9092 (id: -1 rack: null) disconnected
2024-11-28T13:15:32.424+01:00  INFO 15044 --- [route] [e-query-group-1] org.apache.kafka.clients.NetworkClient   : [Consumer clientId=consumer-route-query-group-1, groupId=route-query-group] Node -1 disconnected.
2024-11-28T13:15:32.424+01:00  WARN 15044 --- [route] [e-query-group-1] org.apache.kafka.clients.NetworkClient   : [Consumer clientId=consumer-route-query-group-1, groupId=route-query-group] Connection to node -1 (/127.0.0.1:9092) could not be established. Node may not be available.
2024-11-28T13:15:32.424+01:00  WARN 15044 --- [route] [e-query-group-1] org.apache.kafka.clients.NetworkClient   : [Consumer clientId=consumer-route-query-group-1, groupId=route-query-group] Bootstrap broker 127.0.0.1:9092 (id: -1 rack: null) disconnected
2024-11-28T13:15:32.483+01:00  INFO 15044 --- [route] [e-query-group-2] org.apache.kafka.clients.NetworkClient   : [Consumer clientId=consumer-route-query-group-2, groupId=route-query-group] Node -1 disconnected.
2024-11-28T13:15:32.483+01:00  WARN 15044 --- [route] [e-query-group-2] org.apache.kafka.clients.NetworkClient   : [Consumer clientId=consumer-route-query-group-2, groupId=route-query-group] Connection to node -1 (/127.0.0.1:9092) could not be established. Node may not be available.
2024-11-28T13:15:32.483+01:00  WARN 15044 --- [route] [e-query-group-2] org.apache.kafka.clients.NetworkClient   : [Consumer clientId=consumer-route-query-group-2, groupId=route-query-group] Bootstrap broker 127.0.0.1:9092 (id: -1 rack: null) disconnected
2024-11-28T13:15:33.315+01:00  INFO 15044 --- [route] [e-query-group-2] org.apache.kafka.clients.NetworkClient   : [Consumer clientId=consumer-route-query-group-2, groupId=route-query-group] Node -1 disconnected.
2024-11-28T13:15:33.315+01:00  WARN 15044 --- [route] [e-query-group-2] org.apache.kafka.clients.NetworkClient   : [Consumer clientId=consumer-route-query-group-2, groupId=route-query-group] Connection to node -1 (/127.0.0.1:9092) could not be established. Node may not be available.
2024-11-28T13:15:33.315+01:00  WARN 15044 --- [route] [e-query-group-2] org.apache.kafka.clients.NetworkClient   : [Consumer clientId=consumer-route-query-group-2, groupId=route-query-group] Bootstrap broker 127.0.0.1:9092 (id: -1 rack: null) disconnected
2024-11-28T13:15:33.435+01:00  INFO 15044 --- [route] [e-query-group-1] org.apache.kafka.clients.NetworkClient   : [Consumer clientId=consumer-route-query-group-1, groupId=route-query-group] Node -1 disconnected.
2024-11-28T13:15:33.435+01:00  WARN 15044 --- [route] [e-query-group-1] org.apache.kafka.clients.NetworkClient   : [Consumer clientId=consumer-route-query-group-1, groupId=route-query-group] Connection to node -1 (/127.0.0.1:9092) could not be established. Node may not be available.
2024-11-28T13:15:33.435+01:00  WARN 15044 --- [route] [e-query-group-1] org.apache.kafka.clients.NetworkClient   : [Consumer clientId=consumer-route-query-group-1, groupId=route-query-group] Bootstrap broker 127.0.0.1:9092 (id: -1 rack: null) disconnected
2024-11-28T13:15:33.593+01:00  INFO 15044 --- [route] [o-auto-1-exec-1] o.a.c.c.C.[Tomcat].[localhost].[/]       : Initializing Spring DispatcherServlet 'dispatcherServlet'
2024-11-28T13:15:33.593+01:00  INFO 15044 --- [route] [o-auto-1-exec-1] o.s.web.servlet.DispatcherServlet        : Initializing Servlet 'dispatcherServlet'
2024-11-28T13:15:33.595+01:00  INFO 15044 --- [route] [o-auto-1-exec-1] o.s.web.servlet.DispatcherServlet        : Completed initialization in 2 ms
2024-11-28T13:15:33.676+01:00  INFO 15044 --- [route] [o-auto-1-exec-1] c.w.r.a.controller.RouteController       : Fetching route with ID: 67485ee4ecfa7f1e950d8465
2024-11-28T13:15:33.756+01:00  INFO 15044 --- [route] [ntLoopGroup-3-8] c.w.r.a.controller.RouteController       : Successfully fetched route with ID: 67485ee4ecfa7f1e950d8465
2024-11-28T13:15:34.334+01:00  INFO 15044 --- [route] [o-auto-1-exec-3] c.w.r.a.controller.RouteController       : Fetching all routes
2024-11-28T13:15:34.336+01:00  INFO 15044 --- [route] [o-auto-1-exec-3] c.w.r.a.controller.RouteController       : Starting to fetch all routes
2024-11-28T13:15:34.359+01:00  INFO 15044 --- [route] [e-query-group-2] org.apache.kafka.clients.NetworkClient   : [Consumer clientId=consumer-route-query-group-2, groupId=route-query-group] Node -1 disconnected.
2024-11-28T13:15:34.359+01:00  WARN 15044 --- [route] [e-query-group-2] org.apache.kafka.clients.NetworkClient   : [Consumer clientId=consumer-route-query-group-2, groupId=route-query-group] Connection to node -1 (/127.0.0.1:9092) could not be established. Node may not be available.
2024-11-28T13:15:34.359+01:00  WARN 15044 --- [route] [e-query-group-2] org.apache.kafka.clients.NetworkClient   : [Consumer clientId=consumer-route-query-group-2, groupId=route-query-group] Bootstrap broker 127.0.0.1:9092 (id: -1 rack: null) disconnected
2024-11-28T13:15:34.372+01:00  INFO 15044 --- [route] [ntLoopGroup-3-8] c.w.r.a.controller.RouteController       : Successfully fetched all routes
2024-11-28T13:15:34.375+01:00  INFO 15044 --- [route] [e-query-group-1] org.apache.kafka.clients.NetworkClient   : [Consumer clientId=consumer-route-query-group-1, groupId=route-query-group] Node -1 disconnected.
2024-11-28T13:15:34.375+01:00  WARN 15044 --- [route] [e-query-group-1] org.apache.kafka.clients.NetworkClient   : [Consumer clientId=consumer-route-query-group-1, groupId=route-query-group] Connection to node -1 (/127.0.0.1:9092) could not be established. Node may not be available.
2024-11-28T13:15:34.375+01:00  WARN 15044 --- [route] [e-query-group-1] org.apache.kafka.clients.NetworkClient   : [Consumer clientId=consumer-route-query-group-1, groupId=route-query-group] Bootstrap broker 127.0.0.1:9092 (id: -1 rack: null) disconnected
]]></system-out>
  <system-err><![CDATA[]]></system-err>
</testsuite>
