<?xml version="1.0" encoding="UTF-8"?>
<testsuite name="RouteResponseBuilder Unit Tests" tests="1" skipped="0" failures="0" errors="0" timestamp="2024-11-28T12:15:35" hostname="GFT-9H3G1F3" time="0.237">
  <properties/>
  <testcase name="Generate OK Response - Should Return 200 OK with Route" classname="com.workshop.route.application.response.builder.RouteResponseBuilderTest" time="0.237"/>
  <system-out><![CDATA[2024-11-28T13:15:35.438+01:00  INFO 15044 --- [route] [e-query-group-2] org.apache.kafka.clients.NetworkClient   : [Consumer clientId=consumer-route-query-group-2, groupId=route-query-group] Node -1 disconnected.
2024-11-28T13:15:35.439+01:00  WARN 15044 --- [route] [e-query-group-2] org.apache.kafka.clients.NetworkClient   : [Consumer clientId=consumer-route-query-group-2, groupId=route-query-group] Connection to node -1 (/127.0.0.1:9092) could not be established. Node may not be available.
2024-11-28T13:15:35.439+01:00  WARN 15044 --- [route] [e-query-group-2] org.apache.kafka.clients.NetworkClient   : [Consumer clientId=consumer-route-query-group-2, groupId=route-query-group] Bootstrap broker 127.0.0.1:9092 (id: -1 rack: null) disconnected
2024-11-28T13:15:35.439+01:00  INFO 15044 --- [route] [e-query-group-1] org.apache.kafka.clients.NetworkClient   : [Consumer clientId=consumer-route-query-group-1, groupId=route-query-group] Node -1 disconnected.
2024-11-28T13:15:35.439+01:00  WARN 15044 --- [route] [e-query-group-1] org.apache.kafka.clients.NetworkClient   : [Consumer clientId=consumer-route-query-group-1, groupId=route-query-group] Connection to node -1 (/127.0.0.1:9092) could not be established. Node may not be available.
2024-11-28T13:15:35.439+01:00  WARN 15044 --- [route] [e-query-group-1] org.apache.kafka.clients.NetworkClient   : [Consumer clientId=consumer-route-query-group-1, groupId=route-query-group] Bootstrap broker 127.0.0.1:9092 (id: -1 rack: null) disconnected
]]></system-out>
  <system-err><![CDATA[]]></system-err>
</testsuite>
