<?xml version="1.0" encoding="UTF-8"?>
<testsuite name="com.workshop.route.application.controller.ControllerIntegrationTest" tests="3" skipped="0" failures="1" errors="0" timestamp="2024-11-04T11:19:11" hostname="GFT-CN4ZXYHXVUK" time="2.475">
  <properties/>
  <testcase name="testGetRouteById_Success()" classname="com.workshop.route.application.controller.ControllerIntegrationTest" time="1.918">
    <failure message="java.lang.AssertionError: Response body expected:&lt;Route(routeId=67239211c155403cc8995fc1, routeName=Route 1, stops=[Stop(stopId=1, stopName=Main Square, coordinates=Coordinates(latitude=40.4168, longitude=-3.7038), arrivalTimes=[08:00, 12:00, 18:00])], schedule=Schedule(weekdays=WeekSchedule(startTime=08:00, endTime=18:00, frequencyMinutes=30), weekends=WeekSchedule(startTime=10:00, endTime=14:00, frequencyMinutes=60)))&gt; but was:&lt;Route(routeId=6723921111bb3338070ffaab, routeName=Route 1, stops=[Stop(stopId=1, stopName=Main Square, coordinates=Coordinates(latitude=40.4168, longitude=-3.7038), arrivalTimes=[08:00, 12:00, 18:00])], schedule=Schedule(weekdays=WeekSchedule(startTime=08:00, endTime=18:00, frequencyMinutes=30), weekends=WeekSchedule(startTime=10:00, endTime=14:00, frequencyMinutes=60)))&gt;" type="java.lang.AssertionError">java.lang.AssertionError: Response body expected:&lt;Route(routeId=67239211c155403cc8995fc1, routeName=Route 1, stops=[Stop(stopId=1, stopName=Main Square, coordinates=Coordinates(latitude=40.4168, longitude=-3.7038), arrivalTimes=[08:00, 12:00, 18:00])], schedule=Schedule(weekdays=WeekSchedule(startTime=08:00, endTime=18:00, frequencyMinutes=30), weekends=WeekSchedule(startTime=10:00, endTime=14:00, frequencyMinutes=60)))&gt; but was:&lt;Route(routeId=6723921111bb3338070ffaab, routeName=Route 1, stops=[Stop(stopId=1, stopName=Main Square, coordinates=Coordinates(latitude=40.4168, longitude=-3.7038), arrivalTimes=[08:00, 12:00, 18:00])], schedule=Schedule(weekdays=WeekSchedule(startTime=08:00, endTime=18:00, frequencyMinutes=30), weekends=WeekSchedule(startTime=10:00, endTime=14:00, frequencyMinutes=60)))&gt;
	at org.springframework.test.util.AssertionErrors.fail(AssertionErrors.java:59)
	at org.springframework.test.util.AssertionErrors.assertEquals(AssertionErrors.java:122)
	at org.springframework.test.web.reactive.server.DefaultWebTestClient$DefaultBodySpec.lambda$isEqualTo$0(DefaultWebTestClient.java:544)
	at org.springframework.test.web.reactive.server.ExchangeResult.assertWithDiagnostics(ExchangeResult.java:232)
	at org.springframework.test.web.reactive.server.DefaultWebTestClient$DefaultBodySpec.isEqualTo(DefaultWebTestClient.java:543)
	at com.workshop.route.application.controller.ControllerIntegrationTest.testGetRouteById_Success(ControllerIntegrationTest.java:67)
	at java.base/java.lang.reflect.Method.invoke(Method.java:580)
	at java.base/java.util.ArrayList.forEach(ArrayList.java:1596)
	at java.base/java.util.ArrayList.forEach(ArrayList.java:1596)
</failure>
  </testcase>
  <testcase name="testGetRouteById_NotFound()" classname="com.workshop.route.application.controller.ControllerIntegrationTest" time="0.16"/>
  <testcase name="testGetAllRoutes()" classname="com.workshop.route.application.controller.ControllerIntegrationTest" time="0.243"/>
  <system-out><![CDATA[12:18:48.934 [Test worker] INFO org.springframework.test.context.support.AnnotationConfigContextLoaderUtils -- Could not detect default configuration classes for test class [com.workshop.route.application.controller.ControllerIntegrationTest]: ControllerIntegrationTest does not declare any static, non-private, non-final, nested classes annotated with @Configuration.
12:18:49.440 [Test worker] INFO org.springframework.boot.test.context.SpringBootTestContextBootstrapper -- Found @SpringBootConfiguration com.workshop.route.RouteApplication for test class com.workshop.route.application.controller.ControllerIntegrationTest

  .   ____          _            __ _ _
 /\\ / ___'_ __ _ _(_)_ __  __ _ \ \ \ \
( ( )\___ | '_ | '_| | '_ \/ _` | \ \ \ \
 \\/  ___)| |_)| | | | | || (_| |  ) ) ) )
  '  |____| .__|_| |_|_| |_\__, | / / / /
 =========|_|==============|___/=/_/_/_/

 :: Spring Boot ::                (v3.3.5)

2024-11-04T12:18:50.912+01:00  INFO 16416 --- [route] [    Test worker] c.w.r.a.c.ControllerIntegrationTest      : Starting ControllerIntegrationTest using Java 21.0.5 with PID 16416 (started by rnrv in C:\INTELLIJ\RouteQueryMicroservice)
2024-11-04T12:18:50.915+01:00  INFO 16416 --- [route] [    Test worker] c.w.r.a.c.ControllerIntegrationTest      : No active profile set, falling back to 1 default profile: "default"
2024-11-04T12:18:52.818+01:00  INFO 16416 --- [route] [    Test worker] .s.d.r.c.RepositoryConfigurationDelegate : Bootstrapping Spring Data Reactive MongoDB repositories in DEFAULT mode.
2024-11-04T12:18:53.366+01:00  INFO 16416 --- [route] [    Test worker] .s.d.r.c.RepositoryConfigurationDelegate : Finished Spring Data repository scanning in 531 ms. Found 1 Reactive MongoDB repository interface.
2024-11-04T12:19:01.246+01:00  INFO 16416 --- [route] [    Test worker] o.s.b.w.embedded.tomcat.TomcatWebServer  : Tomcat initialized with port 0 (http)
2024-11-04T12:19:01.322+01:00  INFO 16416 --- [route] [    Test worker] o.apache.catalina.core.StandardService   : Starting service [Tomcat]
2024-11-04T12:19:01.323+01:00  INFO 16416 --- [route] [    Test worker] o.apache.catalina.core.StandardEngine    : Starting Servlet engine: [Apache Tomcat/10.1.31]
2024-11-04T12:19:01.795+01:00  INFO 16416 --- [route] [    Test worker] o.a.c.c.C.[Tomcat].[localhost].[/]       : Initializing Spring embedded WebApplicationContext
2024-11-04T12:19:01.799+01:00  INFO 16416 --- [route] [    Test worker] w.s.c.ServletWebServerApplicationContext : Root WebApplicationContext: initialization completed in 10817 ms
2024-11-04T12:19:05.824+01:00  INFO 16416 --- [route] [1jm.mongodb.net] org.mongodb.driver.cluster               : Adding discovered server workshop-shard-00-02.rh1jm.mongodb.net:27017 to client view of cluster
2024-11-04T12:19:05.925+01:00  INFO 16416 --- [route] [    Test worker] org.mongodb.driver.client                : MongoClient with metadata {"driver": {"name": "mongo-java-driver|reactive-streams|spring-boot", "version": "5.0.1"}, "os": {"type": "Windows", "name": "Windows 10", "architecture": "amd64", "version": "10.0"}, "platform": "Java/Amazon.com Inc./21.0.5+11-LTS"} created with settings MongoClientSettings{readPreference=primary, writeConcern=WriteConcern{w=majority, wTimeout=null ms, journal=null}, retryWrites=true, retryReads=true, readConcern=ReadConcern{level=null}, credential=MongoCredential{mechanism=null, userName='nabz', source='admin', password=<hidden>, mechanismProperties=<hidden>}, transportSettings=NettyTransportSettings{eventLoopGroup=io.netty.channel.nio.NioEventLoopGroup@3d12f065, socketChannelClass=null, allocator=null, sslContext=null}, commandListeners=[], codecRegistry=ProvidersCodecRegistry{codecProviders=[ValueCodecProvider{}, BsonValueCodecProvider{}, DBRefCodecProvider{}, DBObjectCodecProvider{}, DocumentCodecProvider{}, CollectionCodecProvider{}, IterableCodecProvider{}, MapCodecProvider{}, GeoJsonCodecProvider{}, GridFSFileCodecProvider{}, Jsr310CodecProvider{}, JsonObjectCodecProvider{}, BsonCodecProvider{}, EnumCodecProvider{}, com.mongodb.client.model.mql.ExpressionCodecProvider@57fc6759, com.mongodb.Jep395RecordCodecProvider@33a7331, com.mongodb.KotlinCodecProvider@7aef21bb]}, loggerSettings=LoggerSettings{maxDocumentLength=1000}, clusterSettings={hosts=[127.0.0.1:27017], srvHost=workshop.rh1jm.mongodb.net, srvServiceName=mongodb, mode=MULTIPLE, requiredClusterType=REPLICA_SET, requiredReplicaSetName='atlas-uwoswq-shard-0', serverSelector='null', clusterListeners='[]', serverSelectionTimeout='30000 ms', localThreshold='15 ms'}, socketSettings=SocketSettings{connectTimeoutMS=10000, readTimeoutMS=0, receiveBufferSize=0, proxySettings=ProxySettings{host=null, port=null, username=null, password=null}}, heartbeatSocketSettings=SocketSettings{connectTimeoutMS=10000, readTimeoutMS=10000, receiveBufferSize=0, proxySettings=ProxySettings{host=null, port=null, username=null, password=null}}, connectionPoolSettings=ConnectionPoolSettings{maxSize=100, minSize=0, maxWaitTimeMS=120000, maxConnectionLifeTimeMS=0, maxConnectionIdleTimeMS=0, maintenanceInitialDelayMS=0, maintenanceFrequencyMS=60000, connectionPoolListeners=[], maxConnecting=2}, serverSettings=ServerSettings{heartbeatFrequencyMS=10000, minHeartbeatFrequencyMS=500, serverListeners='[]', serverMonitorListeners='[]'}, sslSettings=SslSettings{enabled=true, invalidHostNameAllowed=false, context=null}, applicationName='null', compressorList=[], uuidRepresentation=JAVA_LEGACY, serverApi=null, autoEncryptionSettings=null, dnsClient=null, inetAddressResolver=null, contextProvider=null}
2024-11-04T12:19:05.967+01:00  INFO 16416 --- [route] [1jm.mongodb.net] org.mongodb.driver.cluster               : Adding discovered server workshop-shard-00-00.rh1jm.mongodb.net:27017 to client view of cluster
2024-11-04T12:19:05.978+01:00  INFO 16416 --- [route] [1jm.mongodb.net] org.mongodb.driver.cluster               : Adding discovered server workshop-shard-00-01.rh1jm.mongodb.net:27017 to client view of cluster
2024-11-04T12:19:08.546+01:00  INFO 16416 --- [route] [ngodb.net:27017] org.mongodb.driver.cluster               : Monitor thread successfully connected to server with description ServerDescription{address=workshop-shard-00-00.rh1jm.mongodb.net:27017, type=REPLICA_SET_SECONDARY, state=CONNECTED, ok=true, minWireVersion=0, maxWireVersion=21, maxDocumentSize=16777216, logicalSessionTimeoutMinutes=30, roundTripTimeNanos=1364587900, setName='atlas-uwoswq-shard-0', canonicalAddress=workshop-shard-00-00.rh1jm.mongodb.net:27017, hosts=[workshop-shard-00-01.rh1jm.mongodb.net:27017, workshop-shard-00-00.rh1jm.mongodb.net:27017, workshop-shard-00-02.rh1jm.mongodb.net:27017], passives=[], arbiters=[], primary='workshop-shard-00-02.rh1jm.mongodb.net:27017', tagSet=TagSet{[Tag{name='availabilityZone', value='euw3-az1'}, Tag{name='diskState', value='READY'}, Tag{name='nodeType', value='ELECTABLE'}, Tag{name='provider', value='AWS'}, Tag{name='region', value='EU_WEST_3'}, Tag{name='workloadType', value='OPERATIONAL'}]}, electionId=null, setVersion=5, topologyVersion=TopologyVersion{processId=6722837d9245cdee0b484b4d, counter=4}, lastWriteDate=Mon Nov 04 12:19:08 CET 2024, lastUpdateTimeNanos=19231816734200}
2024-11-04T12:19:08.547+01:00  INFO 16416 --- [route] [ngodb.net:27017] org.mongodb.driver.cluster               : Monitor thread successfully connected to server with description ServerDescription{address=workshop-shard-00-01.rh1jm.mongodb.net:27017, type=REPLICA_SET_SECONDARY, state=CONNECTED, ok=true, minWireVersion=0, maxWireVersion=21, maxDocumentSize=16777216, logicalSessionTimeoutMinutes=30, roundTripTimeNanos=1364527900, setName='atlas-uwoswq-shard-0', canonicalAddress=workshop-shard-00-01.rh1jm.mongodb.net:27017, hosts=[workshop-shard-00-01.rh1jm.mongodb.net:27017, workshop-shard-00-00.rh1jm.mongodb.net:27017, workshop-shard-00-02.rh1jm.mongodb.net:27017], passives=[], arbiters=[], primary='workshop-shard-00-02.rh1jm.mongodb.net:27017', tagSet=TagSet{[Tag{name='availabilityZone', value='euw3-az2'}, Tag{name='diskState', value='READY'}, Tag{name='nodeType', value='ELECTABLE'}, Tag{name='provider', value='AWS'}, Tag{name='region', value='EU_WEST_3'}, Tag{name='workloadType', value='OPERATIONAL'}]}, electionId=null, setVersion=5, topologyVersion=TopologyVersion{processId=672283cc368f1f51e6b1877d, counter=3}, lastWriteDate=Mon Nov 04 12:19:08 CET 2024, lastUpdateTimeNanos=19231816383800}
2024-11-04T12:19:08.547+01:00  INFO 16416 --- [route] [ngodb.net:27017] org.mongodb.driver.cluster               : Monitor thread successfully connected to server with description ServerDescription{address=workshop-shard-00-02.rh1jm.mongodb.net:27017, type=REPLICA_SET_PRIMARY, state=CONNECTED, ok=true, minWireVersion=0, maxWireVersion=21, maxDocumentSize=16777216, logicalSessionTimeoutMinutes=30, roundTripTimeNanos=1364485400, setName='atlas-uwoswq-shard-0', canonicalAddress=workshop-shard-00-02.rh1jm.mongodb.net:27017, hosts=[workshop-shard-00-01.rh1jm.mongodb.net:27017, workshop-shard-00-00.rh1jm.mongodb.net:27017, workshop-shard-00-02.rh1jm.mongodb.net:27017], passives=[], arbiters=[], primary='workshop-shard-00-02.rh1jm.mongodb.net:27017', tagSet=TagSet{[Tag{name='availabilityZone', value='euw3-az3'}, Tag{name='diskState', value='READY'}, Tag{name='nodeType', value='ELECTABLE'}, Tag{name='provider', value='AWS'}, Tag{name='region', value='EU_WEST_3'}, Tag{name='workloadType', value='OPERATIONAL'}]}, electionId=7fffffff000000000000001d, setVersion=5, topologyVersion=TopologyVersion{processId=672283a52336798e192e2c22, counter=6}, lastWriteDate=Mon Nov 04 12:19:08 CET 2024, lastUpdateTimeNanos=19231816341300}
2024-11-04T12:19:08.557+01:00  INFO 16416 --- [route] [ngodb.net:27017] org.mongodb.driver.cluster               : Discovered replica set primary workshop-shard-00-02.rh1jm.mongodb.net:27017 with max election id 7fffffff000000000000001d and max set version 5
2024-11-04T12:19:11.031+01:00  INFO 16416 --- [route] [    Test worker] o.s.b.w.embedded.tomcat.TomcatWebServer  : Tomcat started on port 53511 (http) with context path '/'
2024-11-04T12:19:11.062+01:00  INFO 16416 --- [route] [    Test worker] c.w.r.a.c.ControllerIntegrationTest      : Started ControllerIntegrationTest in 21.107 seconds (process running for 24.826)
2024-11-04T12:19:12.971+01:00  INFO 16416 --- [route] [o-auto-1-exec-1] o.a.c.c.C.[Tomcat].[localhost].[/]       : Initializing Spring DispatcherServlet 'dispatcherServlet'
2024-11-04T12:19:12.971+01:00  INFO 16416 --- [route] [o-auto-1-exec-1] o.s.web.servlet.DispatcherServlet        : Initializing Servlet 'dispatcherServlet'
2024-11-04T12:19:12.974+01:00  INFO 16416 --- [route] [o-auto-1-exec-1] o.s.web.servlet.DispatcherServlet        : Completed initialization in 2 ms
2024-11-04T12:19:13.100+01:00  INFO 16416 --- [route] [o-auto-1-exec-1] c.w.r.a.controller.RouteController       : Fetching route with ID: 67239211c155403cc8995fc1
2024-11-04T12:19:13.137+01:00  INFO 16416 --- [route] [o-auto-1-exec-1] c.w.r.a.controller.RouteController       : Successfully fetched route with ID: 67239211c155403cc8995fc1
2024-11-04T12:19:13.807+01:00 ERROR 16416 --- [route] [    Test worker] o.s.t.w.reactive.server.ExchangeResult   : Request details for assertion failure:

> GET http://localhost:53511/routes/67239211c155403cc8995fc1
> accept-encoding: [gzip]
> user-agent: [ReactorNetty/1.1.23]
> host: [localhost:53511]
> accept: [*/*]
> WebTestClient-Request-Id: [1]

No content

< 200 OK OK
< Content-Type: [application/json]
< Transfer-Encoding: [chunked]
< Date: [Mon, 04 Nov 2024 11:19:13 GMT]

{"routeId":{"timestamp":1730384401,"date":"2024-10-31T14:20:01.000+00:00"},"routeName":"Route 1","stops":[{"stopId":"1","stopName":"Main Square","coordinates":{"latitude":40.4168,"longitude":-3.7038},"arrivalTimes":["08:00","12:00","18:00"]}],"schedule":{"weekdays":{"startTime":"08:00:00","endTime":"18:00:00","frequencyMinutes":30,"endTimeAfterStartTime":true},"weekends":{"startTime":"10:00:00","endTime":"14:00:00","frequencyMinutes":60,"endTimeAfterStartTime":true}}}

2024-11-04T12:19:14.111+01:00  INFO 16416 --- [route] [o-auto-1-exec-2] c.w.r.a.controller.RouteController       : Fetching route with ID: 6728adb211bb3338070ffaac
2024-11-04T12:19:14.115+01:00  INFO 16416 --- [route] [o-auto-1-exec-2] c.w.r.a.controller.RouteController       : Successfully fetched route with ID: 6728adb211bb3338070ffaac
2024-11-04T12:19:14.248+01:00  INFO 16416 --- [route] [o-auto-1-exec-3] c.w.r.a.controller.RouteController       : Fetching all routes
2024-11-04T12:19:14.256+01:00  INFO 16416 --- [route] [o-auto-1-exec-3] c.w.r.a.controller.RouteController       : Starting to fetch all routes
2024-11-04T12:19:14.272+01:00  INFO 16416 --- [route] [o-auto-1-exec-3] c.w.r.a.controller.RouteController       : Successfully fetched all routes
]]></system-out>
  <system-err><![CDATA[WARNING: A Java agent has been loaded dynamically (C:\Users\rnrv\.gradle\caches\modules-2\files-2.1\net.bytebuddy\byte-buddy-agent\1.14.19\154da3a65b4f4a909d3e5bdec55d1b2b4cbb6ce1\byte-buddy-agent-1.14.19.jar)
WARNING: If a serviceability tool is in use, please run with -XX:+EnableDynamicAgentLoading to hide this warning
WARNING: If a serviceability tool is not in use, please run with -Djdk.instrument.traceUsage for more information
WARNING: Dynamic loading of agents will be disallowed by default in a future release
]]></system-err>
</testsuite>
