<?xml version="1.0" encoding="UTF-8"?>
<testsuite name="com.workshop.route.RouteApplicationTests" tests="1" skipped="0" failures="0" errors="0" timestamp="2024-11-25T12:04:58" hostname="GFT-9H3G1F3" time="1.336">
  <properties/>
  <testcase name="contextLoads()" classname="com.workshop.route.RouteApplicationTests" time="1.336"/>
  <system-out><![CDATA[13:04:52.632 [Test worker] INFO org.springframework.test.context.support.AnnotationConfigContextLoaderUtils -- Could not detect default configuration classes for test class [com.workshop.route.RouteApplicationTests]: RouteApplicationTests does not declare any static, non-private, non-final, nested classes annotated with @Configuration.
13:04:52.887 [Test worker] INFO org.springframework.boot.test.context.SpringBootTestContextBootstrapper -- Found @SpringBootConfiguration com.workshop.route.RouteApplication for test class com.workshop.route.RouteApplicationTests

  .   ____          _            __ _ _
 /\\ / ___'_ __ _ _(_)_ __  __ _ \ \ \ \
( ( )\___ | '_ | '_| | '_ \/ _` | \ \ \ \
 \\/  ___)| |_)| | | | | || (_| |  ) ) ) )
  '  |____| .__|_| |_|_| |_\__, | / / / /
 =========|_|==============|___/=/_/_/_/

 :: Spring Boot ::                (v3.3.5)

2024-11-25T13:04:53.833+01:00  INFO 6348 --- [route] [    Test worker] c.workshop.route.RouteApplicationTests   : Starting RouteApplicationTests using Java 21.0.5 with PID 6348 (started by aipg in C:\Coding\JavaProjects\WorkShop\Route\RouteQueryMicroservice)
2024-11-25T13:04:53.836+01:00  INFO 6348 --- [route] [    Test worker] c.workshop.route.RouteApplicationTests   : No active profile set, falling back to 1 default profile: "default"
2024-11-25T13:04:54.756+01:00  INFO 6348 --- [route] [    Test worker] .s.d.r.c.RepositoryConfigurationDelegate : Bootstrapping Spring Data Reactive MongoDB repositories in DEFAULT mode.
2024-11-25T13:04:55.041+01:00  INFO 6348 --- [route] [    Test worker] .s.d.r.c.RepositoryConfigurationDelegate : Finished Spring Data repository scanning in 273 ms. Found 2 Reactive MongoDB repository interfaces.
2024-11-25T13:04:56.345+01:00  INFO 6348 --- [route] [naa.mongodb.net] org.mongodb.driver.cluster               : Adding discovered server cluster0-shard-00-00.dmnaa.mongodb.net:27017 to client view of cluster
2024-11-25T13:04:56.378+01:00  INFO 6348 --- [route] [    Test worker] org.mongodb.driver.client                : MongoClient with metadata {"driver": {"name": "mongo-java-driver|reactive-streams|spring-boot", "version": "5.0.1"}, "os": {"type": "Windows", "name": "Windows 11", "architecture": "amd64", "version": "10.0"}, "platform": "Java/Oracle Corporation/21.0.5+9-LTS-239"} created with settings MongoClientSettings{readPreference=primary, writeConcern=WriteConcern{w=majority, wTimeout=null ms, journal=null}, retryWrites=true, retryReads=true, readConcern=ReadConcern{level=null}, credential=MongoCredential{mechanism=null, userName='nuriamongodb', source='admin', password=<hidden>, mechanismProperties=<hidden>}, transportSettings=NettyTransportSettings{eventLoopGroup=io.netty.channel.nio.NioEventLoopGroup@4fecdf0b, socketChannelClass=null, allocator=null, sslContext=null}, commandListeners=[], codecRegistry=ProvidersCodecRegistry{codecProviders=[ValueCodecProvider{}, BsonValueCodecProvider{}, DBRefCodecProvider{}, DBObjectCodecProvider{}, DocumentCodecProvider{}, CollectionCodecProvider{}, IterableCodecProvider{}, MapCodecProvider{}, GeoJsonCodecProvider{}, GridFSFileCodecProvider{}, Jsr310CodecProvider{}, JsonObjectCodecProvider{}, BsonCodecProvider{}, EnumCodecProvider{}, com.mongodb.client.model.mql.ExpressionCodecProvider@4c431e2a, com.mongodb.Jep395RecordCodecProvider@33317d26, com.mongodb.KotlinCodecProvider@79753f20]}, loggerSettings=LoggerSettings{maxDocumentLength=1000}, clusterSettings={hosts=[127.0.0.1:27017], srvHost=cluster0.dmnaa.mongodb.net, srvServiceName=mongodb, mode=MULTIPLE, requiredClusterType=REPLICA_SET, requiredReplicaSetName='atlas-ts5cgd-shard-0', serverSelector='null', clusterListeners='[]', serverSelectionTimeout='30000 ms', localThreshold='15 ms'}, socketSettings=SocketSettings{connectTimeoutMS=10000, readTimeoutMS=0, receiveBufferSize=0, proxySettings=ProxySettings{host=null, port=null, username=null, password=null}}, heartbeatSocketSettings=SocketSettings{connectTimeoutMS=10000, readTimeoutMS=10000, receiveBufferSize=0, proxySettings=ProxySettings{host=null, port=null, username=null, password=null}}, connectionPoolSettings=ConnectionPoolSettings{maxSize=100, minSize=0, maxWaitTimeMS=120000, maxConnectionLifeTimeMS=0, maxConnectionIdleTimeMS=0, maintenanceInitialDelayMS=0, maintenanceFrequencyMS=60000, connectionPoolListeners=[], maxConnecting=2}, serverSettings=ServerSettings{heartbeatFrequencyMS=10000, minHeartbeatFrequencyMS=500, serverListeners='[]', serverMonitorListeners='[]'}, sslSettings=SslSettings{enabled=true, invalidHostNameAllowed=false, context=null}, applicationName='null', compressorList=[], uuidRepresentation=JAVA_LEGACY, serverApi=null, autoEncryptionSettings=null, dnsClient=null, inetAddressResolver=null, contextProvider=null}
2024-11-25T13:04:56.391+01:00  INFO 6348 --- [route] [naa.mongodb.net] org.mongodb.driver.cluster               : Adding discovered server cluster0-shard-00-02.dmnaa.mongodb.net:27017 to client view of cluster
2024-11-25T13:04:56.396+01:00  INFO 6348 --- [route] [naa.mongodb.net] org.mongodb.driver.cluster               : Adding discovered server cluster0-shard-00-01.dmnaa.mongodb.net:27017 to client view of cluster
2024-11-25T13:04:57.055+01:00  INFO 6348 --- [route] [    Test worker] o.a.k.clients.consumer.ConsumerConfig    : ConsumerConfig values: 
	allow.auto.create.topics = true
	auto.commit.interval.ms = 5000
	auto.include.jmx.reporter = true
	auto.offset.reset = earliest
	bootstrap.servers = [127.0.0.1:9092]
	check.crcs = true
	client.dns.lookup = use_all_dns_ips
	client.id = consumer-route-query-group-1
	client.rack = 
	connections.max.idle.ms = 540000
	default.api.timeout.ms = 60000
	enable.auto.commit = false
	enable.metrics.push = true
	exclude.internal.topics = true
	fetch.max.bytes = 52428800
	fetch.max.wait.ms = 500
	fetch.min.bytes = 1
	group.id = route-query-group
	group.instance.id = null
	group.protocol = classic
	group.remote.assignor = null
	heartbeat.interval.ms = 3000
	interceptor.classes = []
	internal.leave.group.on.close = true
	internal.throw.on.fetch.stable.offset.unsupported = false
	isolation.level = read_uncommitted
	key.deserializer = class org.apache.kafka.common.serialization.StringDeserializer
	max.partition.fetch.bytes = 1048576
	max.poll.interval.ms = 300000
	max.poll.records = 10
	metadata.max.age.ms = 300000
	metric.reporters = []
	metrics.num.samples = 2
	metrics.recording.level = INFO
	metrics.sample.window.ms = 30000
	partition.assignment.strategy = [class org.apache.kafka.clients.consumer.RangeAssignor, class org.apache.kafka.clients.consumer.CooperativeStickyAssignor]
	receive.buffer.bytes = 65536
	reconnect.backoff.max.ms = 1000
	reconnect.backoff.ms = 50
	request.timeout.ms = 30000
	retry.backoff.max.ms = 1000
	retry.backoff.ms = 100
	sasl.client.callback.handler.class = null
	sasl.jaas.config = null
	sasl.kerberos.kinit.cmd = /usr/bin/kinit
	sasl.kerberos.min.time.before.relogin = 60000
	sasl.kerberos.service.name = null
	sasl.kerberos.ticket.renew.jitter = 0.05
	sasl.kerberos.ticket.renew.window.factor = 0.8
	sasl.login.callback.handler.class = null
	sasl.login.class = null
	sasl.login.connect.timeout.ms = null
	sasl.login.read.timeout.ms = null
	sasl.login.refresh.buffer.seconds = 300
	sasl.login.refresh.min.period.seconds = 60
	sasl.login.refresh.window.factor = 0.8
	sasl.login.refresh.window.jitter = 0.05
	sasl.login.retry.backoff.max.ms = 10000
	sasl.login.retry.backoff.ms = 100
	sasl.mechanism = GSSAPI
	sasl.oauthbearer.clock.skew.seconds = 30
	sasl.oauthbearer.expected.audience = null
	sasl.oauthbearer.expected.issuer = null
	sasl.oauthbearer.jwks.endpoint.refresh.ms = 3600000
	sasl.oauthbearer.jwks.endpoint.retry.backoff.max.ms = 10000
	sasl.oauthbearer.jwks.endpoint.retry.backoff.ms = 100
	sasl.oauthbearer.jwks.endpoint.url = null
	sasl.oauthbearer.scope.claim.name = scope
	sasl.oauthbearer.sub.claim.name = sub
	sasl.oauthbearer.token.endpoint.url = null
	security.protocol = PLAINTEXT
	security.providers = null
	send.buffer.bytes = 131072
	session.timeout.ms = 45000
	socket.connection.setup.timeout.max.ms = 30000
	socket.connection.setup.timeout.ms = 10000
	ssl.cipher.suites = null
	ssl.enabled.protocols = [TLSv1.2, TLSv1.3]
	ssl.endpoint.identification.algorithm = https
	ssl.engine.factory.class = null
	ssl.key.password = null
	ssl.keymanager.algorithm = SunX509
	ssl.keystore.certificate.chain = null
	ssl.keystore.key = null
	ssl.keystore.location = null
	ssl.keystore.password = null
	ssl.keystore.type = JKS
	ssl.protocol = TLSv1.3
	ssl.provider = null
	ssl.secure.random.implementation = null
	ssl.trustmanager.algorithm = PKIX
	ssl.truststore.certificates = null
	ssl.truststore.location = null
	ssl.truststore.password = null
	ssl.truststore.type = JKS
	value.deserializer = class org.apache.kafka.common.serialization.StringDeserializer

2024-11-25T13:04:57.142+01:00  INFO 6348 --- [route] [    Test worker] o.a.k.c.t.i.KafkaMetricsCollector        : initializing Kafka metrics collector
2024-11-25T13:04:57.386+01:00  INFO 6348 --- [route] [    Test worker] o.a.kafka.common.utils.AppInfoParser     : Kafka version: 3.7.1
2024-11-25T13:04:57.392+01:00  INFO 6348 --- [route] [    Test worker] o.a.kafka.common.utils.AppInfoParser     : Kafka commitId: e2494e6ffb89f828
2024-11-25T13:04:57.392+01:00  INFO 6348 --- [route] [    Test worker] o.a.kafka.common.utils.AppInfoParser     : Kafka startTimeMs: 1732536297384
2024-11-25T13:04:57.419+01:00  INFO 6348 --- [route] [e-query-group-1] o.a.k.c.c.internals.LegacyKafkaConsumer  : [Consumer clientId=consumer-route-query-group-1, groupId=route-query-group] Subscribed to topic(s): route-events
2024-11-25T13:04:58.199+01:00  INFO 6348 --- [route] [e-query-group-1] org.apache.kafka.clients.Metadata        : [Consumer clientId=consumer-route-query-group-1, groupId=route-query-group] Cluster ID: UKhY2FrbRlSE5dZcwrlczQ
2024-11-25T13:04:58.200+01:00  INFO 6348 --- [route] [e-query-group-1] o.a.k.c.c.internals.ConsumerCoordinator  : [Consumer clientId=consumer-route-query-group-1, groupId=route-query-group] Discovered group coordinator 127.0.0.1:9092 (id: 2147483646 rack: null)
2024-11-25T13:04:58.207+01:00  INFO 6348 --- [route] [e-query-group-1] o.a.k.c.c.internals.ConsumerCoordinator  : [Consumer clientId=consumer-route-query-group-1, groupId=route-query-group] (Re-)joining group
2024-11-25T13:04:58.226+01:00  INFO 6348 --- [route] [e-query-group-1] o.a.k.c.c.internals.ConsumerCoordinator  : [Consumer clientId=consumer-route-query-group-1, groupId=route-query-group] Request joining group due to: need to re-join with the given member-id: consumer-route-query-group-1-da1a8cf9-ddcf-4907-aeaf-892bed50c82c
2024-11-25T13:04:58.226+01:00  INFO 6348 --- [route] [e-query-group-1] o.a.k.c.c.internals.ConsumerCoordinator  : [Consumer clientId=consumer-route-query-group-1, groupId=route-query-group] (Re-)joining group
2024-11-25T13:04:58.381+01:00  INFO 6348 --- [route] [    Test worker] c.workshop.route.RouteApplicationTests   : Started RouteApplicationTests in 5.207 seconds (process running for 8.999)
]]></system-out>
  <system-err><![CDATA[WARNING: A Java agent has been loaded dynamically (C:\Users\aipg\.gradle\caches\modules-2\files-2.1\net.bytebuddy\byte-buddy-agent\1.14.19\154da3a65b4f4a909d3e5bdec55d1b2b4cbb6ce1\byte-buddy-agent-1.14.19.jar)
WARNING: If a serviceability tool is in use, please run with -XX:+EnableDynamicAgentLoading to hide this warning
WARNING: If a serviceability tool is not in use, please run with -Djdk.instrument.traceUsage for more information
WARNING: Dynamic loading of agents will be disallowed by default in a future release
]]></system-err>
</testsuite>
